[    4548ms] [ERROR]  Note that 'script-src' was not explicitly set, so 'default-src' is used as a fallback. @ https://challenges.cloudflare.com/cdn-cgi/challenge-platform/h/g/turnstile/f/ov2/av0/rch/drf0o/0x4AAAAAAAJel0iaAR3mgkjp/light/fbE/new/flexible?lang=auto:0
[    4703ms] [ERROR] Failed to load resource: the server responded with a status of 401 () @ https://challenges.cloudflare.com/cdn-cgi/challenge-platform/h/g/pat/9dd331f97b78a33d/1773658208472/378ddc957d246e96e4ccd7416217036af86b8552725eb86b525b1bd78ca594ae/8IpdX_oX8Ld4oP-:0
[    4971ms] [ERROR] %c%d font-size:0;color:transparent NaN @ https://challenges.cloudflare.com/cdn-cgi/challenge-platform/h/g/turnstile/f/ov2/av0/rch/drf0o/0x4AAAAAAAJel0iaAR3mgkjp/light/fbE/new/flexible?lang=auto:0
[    4971ms] [ERROR] %c%d font-size:0;color:transparent NaN @ https://challenges.cloudflare.com/cdn-cgi/challenge-platform/h/g/turnstile/f/ov2/av0/rch/drf0o/0x4AAAAAAAJel0iaAR3mgkjp/light/fbE/new/flexible?lang=auto:0
[    4972ms] [WARNING] %c%d font-size:0;color:transparent NaN @ https://challenges.cloudflare.com/cdn-cgi/challenge-platform/h/g/turnstile/f/ov2/av0/rch/drf0o/0x4AAAAAAAJel0iaAR3mgkjp/light/fbE/new/flexible?lang=auto:0
[    4972ms] [WARNING] %c%d font-size:0;color:transparent NaN @ https://challenges.cloudflare.com/cdn-cgi/challenge-platform/h/g/turnstile/f/ov2/av0/rch/drf0o/0x4AAAAAAAJel0iaAR3mgkjp/light/fbE/new/flexible?lang=auto:0
[   10389ms] [WARNING] The resource https://challenges.cloudflare.com/cdn-cgi/challenge-platform/h/g/cmg/1 was preloaded using link preload but not used within a few seconds from the window's load event. Please make sure it has an appropriate `as` value and it is preloaded intentionally. @ https://challenges.cloudflare.com/cdn-cgi/challenge-platform/h/g/turnstile/f/ov2/av0/rch/drf0o/0x4AAAAAAAJel0iaAR3mgkjp/light/fbE/new/flexible?lang=auto:0
[   59302ms] [ERROR] Failed to load resource: the server responded with a status of 403 () @ https://dash.cloudflare.com/api/v4/zones?order=name&direction=asc&per_page=1&type=full%2Cpartial%2Csecondary:0
[   62221ms] TypeError: n[t] is not a function
    at i (https://dash.cloudflare.com/cf-e01a18811e80bc9a.js:3:6047)
    at https://dash.cloudflare.com/cf-e01a18811e80bc9a.js:3:184072
    at O.loadLocale (https://dash.cloudflare.com/cf-2d18f7c6c3229d5c.js:3:3433)
    at O.componentDidMount (https://dash.cloudflare.com/cf-2d18f7c6c3229d5c.js:3:2984)
    at uX (https://dash.cloudflare.com/cf-7a558b35d4204b06.js:3:90763)
    at e (https://dash.cloudflare.com/cf-7a558b35d4204b06.js:3:111245)
    at e (https://dash.cloudflare.com/cf-7a558b35d4204b06.js:3:111141)
    at e (https://dash.cloudflare.com/cf-7a558b35d4204b06.js:3:111141)
    at https://dash.cloudflare.com/cf-7a558b35d4204b06.js:3:111256
    at oU (https://dash.cloudflare.com/cf-7a558b35d4204b06.js:3:111757)
    at ox (https://dash.cloudflare.com/cf-7a558b35d4204b06.js:3:95164)
    at x (https://dash.cloudflare.com/cf-7a558b35d4204b06.js:3:130665)
    at T (https://dash.cloudflare.com/cf-7a558b35d4204b06.js:3:131195)
    at https://dash.cloudflare.com/cf-app.b179f6e1c8970800.js:3:26945
    at https://dash.cloudflare.com/cf-app.b179f6e1c8970800.js:3:59758
    at Number.h (https://dash.cloudflare.com/cf-app.b179f6e1c8970800.js:3:59616)
    at MessagePort.v (https://dash.cloudflare.com/cf-app.b179f6e1c8970800.js:3:59638)
