[     614ms] [ERROR] Failed to load resource: the server responded with a status of 403 () @ https://dash.cloudflare.com/api/v4/accounts/d62be07e04ccd1c19ed8c496edac8ce8:0
[     615ms] [ERROR] Failed to load resource: the server responded with a status of 403 () @ https://dash.cloudflare.com/api/v4/persistence/user:0
[     615ms] [ERROR] Failed to load resource: the server responded with a status of 403 () @ https://dash.cloudflare.com/api/v4/accounts/d62be07e04ccd1c19ed8c496edac8ce8/access/organizations:0
[     616ms] [ERROR] Failed to load resource: the server responded with a status of 403 () @ https://dash.cloudflare.com/api/v4/user:0
[     618ms] [ERROR] Failed to load resource: the server responded with a status of 403 () @ https://dash.cloudflare.com/api/v4/memberships?per_page=10&status=accepted&account.id=d62be07e04ccd1c19ed8c496edac8ce8:0
[     619ms] [ERROR] Failed to load resource: the server responded with a status of 403 () @ https://dash.cloudflare.com/api/v4/accounts/d62be07e04ccd1c19ed8c496edac8ce8/organizations:0
[     620ms] [ERROR] Failed to load resource: the server responded with a status of 403 () @ https://dash.cloudflare.com/api/v4/ztx-bff/users/session:0
[     621ms] [ERROR] Failed to load resource: the server responded with a status of 403 () @ https://dash.cloudflare.com/api/v4/accounts/d62be07e04ccd1c19ed8c496edac8ce8/gateway/:0
[     621ms] [ERROR] Failed to load resource: the server responded with a status of 403 () @ https://dash.cloudflare.com/api/v4/user/communication_preferences:0
[     625ms] [ERROR] Failed to load resource: the server responded with a status of 403 () @ https://dash.cloudflare.com/api/v4/accounts/d62be07e04ccd1c19ed8c496edac8ce8/entitlements:0
[     625ms] [ERROR] Failed to load resource: the server responded with a status of 403 () @ https://dash.cloudflare.com/api/v4/user/iam/policies:0
[     678ms] [ERROR] error loading authz policy data, displayed UI may not reflect actual policies @ https://one.dash.cloudflare.com/one/index-B-GPMNVA.js:60
[     772ms] [ERROR] error loading authz policy data, displayed UI may not reflect actual policies @ https://one.dash.cloudflare.com/one/index-B-GPMNVA.js:60
[     792ms] [ERROR] error loading authz policy data, displayed UI may not reflect actual policies @ https://one.dash.cloudflare.com/one/index-B-GPMNVA.js:60
[     811ms] [ERROR] error loading authz policy data, displayed UI may not reflect actual policies @ https://one.dash.cloudflare.com/one/index-B-GPMNVA.js:60
[     870ms] [ERROR] Failed to load resource: the server responded with a status of 403 () @ https://dash.cloudflare.com/api/v4/accounts/d62be07e04ccd1c19ed8c496edac8ce8/ztx-bff/onboarding:0
[     880ms] [ERROR] Failed to load resource: the server responded with a status of 403 () @ https://dash.cloudflare.com/api/v4/accounts/d62be07e04ccd1c19ed8c496edac8ce8/subscriptions?per_page=50:0
[     881ms] [ERROR] Failed to load resource: the server responded with a status of 403 () @ https://dash.cloudflare.com/api/v4/ztx-bff/users/engagement:0
[     897ms] [ERROR] Failed to load resource: the server responded with a status of 403 () @ https://dash.cloudflare.com/api/v4/accounts?per_page=10&page=1:0
[     901ms] [ERROR] Failed to load resource: the server responded with a status of 403 () @ https://dash.cloudflare.com/api/v4/accounts/d62be07e04ccd1c19ed8c496edac8ce8/organizations:0
[     919ms] [ERROR] Failed to load resource: the server responded with a status of 403 () @ https://dash.cloudflare.com/api/v4/accounts/d62be07e04ccd1c19ed8c496edac8ce8/gateway/:0
[     966ms] [ERROR] Failed to load resource: the server responded with a status of 403 () @ https://dash.cloudflare.com/api/v4/accounts/d62be07e04ccd1c19ed8c496edac8ce8/subscriptions?package=prod_teams:0
[     974ms] [ERROR] Failed to load resource: the server responded with a status of 403 () @ https://dash.cloudflare.com/api/v4/user:0
[    1052ms] [ERROR] error loading authz policy data, displayed UI may not reflect actual policies @ https://one.dash.cloudflare.com/one/index-B-GPMNVA.js:60
[    1080ms] [ERROR] error loading authz policy data, displayed UI may not reflect actual policies @ https://one.dash.cloudflare.com/one/index-B-GPMNVA.js:60
[    3226ms] [ERROR] Failed to load resource: the server responded with a status of 401 () @ https://challenges.cloudflare.com/cdn-cgi/challenge-platform/h/g/pat/9dd3300b48ee4a87/1773658129396/4f92c7ef4e410306bbb70a47c07ca7e428e1f160027aaebe48c4af0d3d7b5cc9/1yIyS4CyScMB6v1:0
[    3285ms] [ERROR] %c%d font-size:0;color:transparent NaN @ https://challenges.cloudflare.com/cdn-cgi/challenge-platform/h/g/turnstile/f/ov2/av0/rch/32odv/0x4AAAAAAAJel0iaAR3mgkjp/light/fbE/new/flexible?lang=auto:0
[    3285ms] [ERROR] %c%d font-size:0;color:transparent NaN @ https://challenges.cloudflare.com/cdn-cgi/challenge-platform/h/g/turnstile/f/ov2/av0/rch/32odv/0x4AAAAAAAJel0iaAR3mgkjp/light/fbE/new/flexible?lang=auto:0
[    3287ms] [WARNING] %c%d font-size:0;color:transparent NaN @ https://challenges.cloudflare.com/cdn-cgi/challenge-platform/h/g/turnstile/f/ov2/av0/rch/32odv/0x4AAAAAAAJel0iaAR3mgkjp/light/fbE/new/flexible?lang=auto:0
[    3287ms] [WARNING] %c%d font-size:0;color:transparent NaN @ https://challenges.cloudflare.com/cdn-cgi/challenge-platform/h/g/turnstile/f/ov2/av0/rch/32odv/0x4AAAAAAAJel0iaAR3mgkjp/light/fbE/new/flexible?lang=auto:0
[    3390ms] [ERROR]  Note that 'script-src' was not explicitly set, so 'default-src' is used as a fallback. @ https://challenges.cloudflare.com/cdn-cgi/challenge-platform/h/g/turnstile/f/ov2/av0/rch/32odv/0x4AAAAAAAJel0iaAR3mgkjp/light/fbE/new/flexible?lang=auto:0
