[     834ms] [ERROR] Failed to load resource: the server responded with a status of 400 () @ https://dash.cloudflare.com/api/v4/memberships?per_page=10&status=accepted&account.id=d62be07e04ccd1c19ed8c496edac8ce8:0
[     835ms] [ERROR] Failed to load resource: the server responded with a status of 400 () @ https://dash.cloudflare.com/api/v4/accounts/d62be07e04ccd1c19ed8c496edac8ce8/gateway/:0
[     835ms] [ERROR] Failed to load resource: the server responded with a status of 400 () @ https://dash.cloudflare.com/api/v4/ztx-bff/users/session:0
[     836ms] [ERROR] Failed to load resource: the server responded with a status of 400 () @ https://dash.cloudflare.com/api/v4/accounts/d62be07e04ccd1c19ed8c496edac8ce8/entitlements:0
[     836ms] [ERROR] Failed to load resource: the server responded with a status of 400 () @ https://dash.cloudflare.com/api/v4/accounts/d62be07e04ccd1c19ed8c496edac8ce8/access/organizations:0
[     837ms] [ERROR] Failed to load resource: the server responded with a status of 400 () @ https://dash.cloudflare.com/api/v4/accounts/d62be07e04ccd1c19ed8c496edac8ce8/organizations:0
[     838ms] [ERROR] Failed to load resource: the server responded with a status of 400 () @ https://dash.cloudflare.com/api/v4/persistence/user:0
[     839ms] [ERROR] Failed to load resource: the server responded with a status of 400 () @ https://dash.cloudflare.com/api/v4/user/communication_preferences:0
[     839ms] [ERROR] Failed to load resource: the server responded with a status of 400 () @ https://dash.cloudflare.com/api/v4/user/iam/policies:0
[     927ms] [ERROR] Failed to load resource: the server responded with a status of 403 () @ https://dash.cloudflare.com/api/v4/user:0
[     958ms] [ERROR] Failed to load resource: the server responded with a status of 403 () @ https://dash.cloudflare.com/api/v4/accounts/d62be07e04ccd1c19ed8c496edac8ce8:0
[    1128ms] [ERROR] Failed to load resource: the server responded with a status of 403 () @ https://dash.cloudflare.com/api/v4/ztx-bff/users/engagement:0
[    1128ms] [ERROR] Failed to load resource: the server responded with a status of 403 () @ https://dash.cloudflare.com/api/v4/accounts/d62be07e04ccd1c19ed8c496edac8ce8/organizations:0
[    1128ms] [ERROR] Failed to load resource: the server responded with a status of 403 () @ https://dash.cloudflare.com/api/v4/accounts?per_page=10&page=1:0
[    1129ms] [ERROR] Failed to load resource: the server responded with a status of 403 () @ https://dash.cloudflare.com/api/v4/accounts/d62be07e04ccd1c19ed8c496edac8ce8/subscriptions?package=prod_teams:0
[    1130ms] [ERROR] Failed to load resource: the server responded with a status of 403 () @ https://dash.cloudflare.com/api/v4/accounts/d62be07e04ccd1c19ed8c496edac8ce8/subscriptions?per_page=50:0
[    1130ms] [ERROR] Failed to load resource: the server responded with a status of 403 () @ https://dash.cloudflare.com/api/v4/accounts/d62be07e04ccd1c19ed8c496edac8ce8/ztx-bff/onboarding:0
[    1160ms] [ERROR] Failed to load resource: the server responded with a status of 403 () @ https://dash.cloudflare.com/api/v4/user:0
[    1199ms] [ERROR] Failed to load resource: the server responded with a status of 403 () @ https://dash.cloudflare.com/api/v4/accounts/d62be07e04ccd1c19ed8c496edac8ce8/gateway/:0
[    1370ms] [ERROR] Failed to load resource: the server responded with a status of 403 () @ https://dash.cloudflare.com/api/v4/user:0
[    1540ms] [ERROR] Failed to load resource: the server responded with a status of 403 () @ https://dash.cloudflare.com/api/v4/user:0
[    1705ms] [ERROR] Failed to load resource: the server responded with a status of 403 () @ https://dash.cloudflare.com/api/v4/user:0
[    1884ms] [ERROR] Failed to load resource: the server responded with a status of 403 () @ https://dash.cloudflare.com/api/v4/user:0
[    2052ms] [ERROR] Failed to load resource: the server responded with a status of 403 () @ https://dash.cloudflare.com/api/v4/user:0
[    2218ms] [ERROR] Failed to load resource: the server responded with a status of 403 () @ https://dash.cloudflare.com/api/v4/user:0
[    2394ms] [ERROR] Failed to load resource: the server responded with a status of 403 () @ https://dash.cloudflare.com/api/v4/user:0
[    2619ms] [ERROR] Failed to load resource: the server responded with a status of 403 () @ https://dash.cloudflare.com/api/v4/user:0
[    2851ms] [ERROR] Failed to load resource: the server responded with a status of 403 () @ https://dash.cloudflare.com/api/v4/user:0
[    3035ms] [ERROR] Failed to load resource: the server responded with a status of 403 () @ https://dash.cloudflare.com/api/v4/user:0
[    3208ms] [ERROR] Failed to load resource: the server responded with a status of 403 () @ https://dash.cloudflare.com/api/v4/user:0
[    3375ms] [ERROR] Failed to load resource: the server responded with a status of 403 () @ https://dash.cloudflare.com/api/v4/user:0
[    6584ms] [ERROR] Failed to load resource: the server responded with a status of 401 () @ https://challenges.cloudflare.com/cdn-cgi/challenge-platform/h/g/pat/9dd32fc9fc984a87/1773658118947/e6826d3c7eb02844c2c5a39464adaefa2c44f3fa755d85859e0f258ff7479c3c/xguFkIi0dGWSR4V:0
[    6873ms] [ERROR]  Note that 'script-src' was not explicitly set, so 'default-src' is used as a fallback. @ https://challenges.cloudflare.com/cdn-cgi/challenge-platform/h/g/turnstile/f/ov2/av0/rch/ghffe/0x4AAAAAAAJel0iaAR3mgkjp/light/fbE/new/flexible?lang=auto:0
[    7000ms] [ERROR] %c%d font-size:0;color:transparent NaN @ https://challenges.cloudflare.com/cdn-cgi/challenge-platform/h/g/turnstile/f/ov2/av0/rch/ghffe/0x4AAAAAAAJel0iaAR3mgkjp/light/fbE/new/flexible?lang=auto:0
[    7000ms] [ERROR] %c%d font-size:0;color:transparent NaN @ https://challenges.cloudflare.com/cdn-cgi/challenge-platform/h/g/turnstile/f/ov2/av0/rch/ghffe/0x4AAAAAAAJel0iaAR3mgkjp/light/fbE/new/flexible?lang=auto:0
[    7001ms] [WARNING] %c%d font-size:0;color:transparent NaN @ https://challenges.cloudflare.com/cdn-cgi/challenge-platform/h/g/turnstile/f/ov2/av0/rch/ghffe/0x4AAAAAAAJel0iaAR3mgkjp/light/fbE/new/flexible?lang=auto:0
[    7001ms] [WARNING] %c%d font-size:0;color:transparent NaN @ https://challenges.cloudflare.com/cdn-cgi/challenge-platform/h/g/turnstile/f/ov2/av0/rch/ghffe/0x4AAAAAAAJel0iaAR3mgkjp/light/fbE/new/flexible?lang=auto:0
[   12283ms] [WARNING] The resource https://challenges.cloudflare.com/cdn-cgi/challenge-platform/h/g/cmg/1 was preloaded using link preload but not used within a few seconds from the window's load event. Please make sure it has an appropriate `as` value and it is preloaded intentionally. @ https://challenges.cloudflare.com/cdn-cgi/challenge-platform/h/g/turnstile/f/ov2/av0/rch/ghffe/0x4AAAAAAAJel0iaAR3mgkjp/light/fbE/new/flexible?lang=auto:0
